
ROM used:   162/7936 (2%)
            162/7936 (2%) including unused fragments

            0.2 Average locations per line
            4.4 Average locations per statement

RAM used:   13/357 (4%) at main() level
            13/357 (4%) worst case

Stack used: 0 worst case (0 in main + 0 for interrupts)
Stack size: 7

Lines Stmts  %   Files
----- ----- ---  -----
   80    37 100  code.c
  708     0   0  ..\..\..\..\Program Files (x86)\PICC\devices\16f877a.h
----- -----
  788    37 Total

Page ROM  %  RAM    Vol Diff  Functions:
---- --- --- ---    --- ----  ----------
0    158  98    7   1031  7.6  main
 Inline         0             @cinit1

Program metrics:
    Functions               1
    Statements              37
    Comments                150
    Volume (V)              1034
    Difficulty (D)          7.5
    Effort to implement (E) 7751
    Time to implement (T)   7 minutes
    Est Delivered Bugs (B)  0
    Cyclomatic Complexity   6
    Maintainability (MI)    81

 Segment     Used  Free
-----------  ----  ----
00000-00003     4  0  
00004-007FF   158  1886  
00800-00FFF     0  2048  
01000-017FF     0  2048  
01800-01EFF     0  1792  



