
ROM used:   33/7936 (0%)
            33/7936 (0%) including unused fragments

            0.0 Average locations per line
            4.1 Average locations per statement

RAM used:   6/357 (2%) at main() level
            6/357 (2%) worst case

Stack used: 0 worst case (0 in main + 0 for interrupts)
Stack size: 7

Lines Stmts  %   Files
----- ----- ---  -----
   24     8 100  code.c
  708     0   0  ..\..\..\..\Program Files (x86)\PICC\devices\16F877A.h
----- -----
  732     8 Total

Page ROM  %  RAM    Vol Diff  Functions:
---- --- --- ---    --- ----  ----------
0     29  88    1    136  3.0  main
 Inline         0             @cinit1

Program metrics:
    Functions               1
    Statements              8
    Comments                127
    Volume (V)              138
    Difficulty (D)          2.8
    Effort to implement (E) 387
    Time to implement (T)   0 minutes
    Est Delivered Bugs (B)  0
    Cyclomatic Complexity   1
    Maintainability (MI)    62

 Segment     Used  Free
-----------  ----  ----
00000-00003     4  0  
00004-007FF    29  2015  
00800-00FFF     0  2048  
01000-017FF     0  2048  
01800-01EFF     0  1792  



