
ROM used:   94/7936 (1%)
            94/7936 (1%) including unused fragments

            0.1 Average locations per line
            6.3 Average locations per statement

RAM used:   13/357 (4%) at main() level
            13/357 (4%) worst case

Stack used: 1 worst case (0 in main + 1 for interrupts)
Stack size: 7

Lines Stmts  %   Files
----- ----- ---  -----
   36    15 100  code.c
  708     0   0  ..\..\..\..\Program Files (x86)\PICC\devices\16F877A.h
----- -----
  744    15 Total

Page ROM  %  RAM    Vol Diff  Functions:
---- --- --- ---    --- ----  ----------
0     18  19    0    123  3.0  tratar_t0
0     29  31    0    141  2.2  MAIN
 Inline         0             @cinit1

Program metrics:
    Functions               2
    Statements              15
    Comments                142
    Volume (V)              326
    Difficulty (D)          5.0
    Effort to implement (E) 1638
    Time to implement (T)   2 minutes
    Est Delivered Bugs (B)  0
    Cyclomatic Complexity   1
    Maintainability (MI)    135

 Segment     Used  Free
-----------  ----  ----
00000-00003     4  0  
00004-0002E    43  0  
0002F-007FF    47  1954  
00800-00FFF     0  2048  
01000-017FF     0  2048  
01800-01EFF     0  1792  



