
ROM used:   56/7936 (1%)
            56/7936 (1%) including unused fragments

            0.1 Average locations per line
            6.2 Average locations per statement

RAM used:   7/357 (2%) at main() level
            7/357 (2%) worst case

Stack used: 0 worst case (0 in main + 0 for interrupts)
Stack size: 7

Lines Stmts  %   Files
----- ----- ---  -----
   25     9 100  code.c
  708     0   0  ..\..\..\..\Program Files (x86)\PICC\devices\16F877A.h
----- -----
  733     9 Total

Page ROM  %  RAM    Vol Diff  Functions:
---- --- --- ---    --- ----  ----------
0     52  93    2    158  3.1  main
 Inline         0             @cinit1

Program metrics:
    Functions               1
    Statements              9
    Comments                127
    Volume (V)              160
    Difficulty (D)          2.9
    Effort to implement (E) 463
    Time to implement (T)   0 minutes
    Est Delivered Bugs (B)  0
    Cyclomatic Complexity   1
    Maintainability (MI)    60

 Segment     Used  Free
-----------  ----  ----
00000-00003     4  0  
00004-007FF    52  1992  
00800-00FFF     0  2048  
01000-017FF     0  2048  
01800-01EFF     0  1792  



